*** nforth.gsm
23    >0000                   	aorg	>0
25    >0000                   start	equ	$
44    >0000                   kbds	dw	tkbdnorm,  tkbdfctn,  tkbdshft,  tkbdfctn
      >0000=>0010 >0070 >0040 
      >0006=>0070             
46    >0008=>00A0 >00D0 >0100 		dw	tkbdctrl,  tkbdmeta,  tkbdsupr,  tkbdctrl
      >000E=>00A0             
53    >0010                   tkbdnorm db	"=",32,13,0,0,0,0,0
      >0010=>3D20 >0D00 >0000 
      >0016=>0000             
54    >0018=>2E6C >6F39 >3273 	db	".lo92swx"
      >001E=>7778             
55    >0020=>2C6B >6938 >3364 	db	",ki83dec"
      >0026=>6563             
56    >0028=>6D6A >7537 >3466 	db	"mju74frv"
      >002E=>7276             
57    >0030=>6E68 >7936 >3567 	db	"nhy65gtb"
      >0036=>7462             
58    >0038=>2F3B >7030 >3161 	db	"/",59,"p01aqz"
      >003E=>717A             
60    >0040                   tkbdshft db	"+",32,13,0,0,0,0,0
      >0040=>2B20 >0D00 >0000 
      >0046=>0000             
61    >0048=>3E4C >4F28 >4053 	db	">LO(@SWX"
      >004E=>5758             
62    >0050=>3C4B >492A >2344 	db	"<KI*#DEC"
      >0056=>4543             
63    >0058=>4D4A >5526 >2446 	db	"MJU&$FRV"
      >005E=>5256             
64    >0060=>4E48 >595E >2547 	db	"NHY^%GTB"
      >0066=>5442             
65    >0068=>2D3A >5029 >2141 	db	"-:P)!AQZ"
      >006E=>515A             
67    >0070                   tkbdfctn db	162,32,13,0,0,0,0,0
      >0070=>A220 >0D00 >0000 
      >0076=>0000             
68    >0078=>A693 >27A1 >9AD3 	db	166,147,39, 161,154,211,126,213
      >007E=>7ED5             
69    >0080=>A592 >3FA0 >9BD4 	db	165,146,63, 160,155,212,210,96
      >0086=>D260             
70    >0088=>9491 >5F9F >9C7B 	db	148,145,95, 159,156,123,91,127
      >008E=>5B7F             
71    >0090=>9590 >979E >9D7D 	db	149,144,151,158,157,125,93,143
      >0096=>5D8F             
72    >0098=>A3A4 >2298 >997C 	db	163,164,34,152,153,124,150,92
      >009E=>965C             
73                            	
74    >00A0                   tkbdctrl db	138,9,10,0,0,0,0,0
      >00A0=>8A09 >0A00 >0000 
      >00A6=>0000             
75    >00A8=>8E0C >0F89 >8213 	db	142,12,15,137,130,19,23,24
      >00AE=>1718             
76    >00B0=>8D0B >0988 >8304 	db	141,11,9,136,131,4,5,3
      >00B6=>0503             
77    >00B8=>0D0A >1587 >8406 	db	13,10,21,135,132,6,18,22
      >00BE=>1216             
78    >00C0=>0E08 >1986 >8507 	db	14,8,25,134,133,7,20,2
      >00C6=>1402             
79    >00C8=>8B8C >1080 >8101 	db	139,140,16,128,129,1,17,26
      >00CE=>111A             
81    >00D0                   tkbdmeta db	203,208,209,0,0,0,0,0
      >00D0=>CBD0 >D100 >0000 
      >00D6=>0000             
82    >00D8=>CFB2 >B5CA >C3B9 	db	207,178,181,202,195,185,189,190
      >00DE=>BDBE             
83    >00E0=>CEB1 >AFC9 >C4AA 	db	206,177,175,201,196,170,171,169
      >00E6=>ABA9             
84    >00E8=>B3B0 >BBC8 >C5AC 	db	179,176,187,200,197,172,184,188
      >00EE=>B8BC             
85    >00F0=>B4AE >BFC7 >C6AD 	db	180,174,191,199,198,173,186,168
      >00F6=>BAA8             
86    >00F8=>CCCD >B6C1 >C2A7 	db	204,205,182,193,194,167,183,192
      >00FE=>B7C0             
88    >0100                   tkbdsupr db	0,  255,254,0,0,0,0,0
      >0100=>00FF >FE00 >0000 
      >0106=>0000             
89    >0108=>FEE1 >E4F9 >F2E8 	db	254,225,228,249,242,232,236,237
      >010E=>ECED             
90    >0110=>FDE0 >DEF8 >F3D9 	db	253,224,222,248,243,217,218,216
      >0116=>DAD8             
91    >0118=>E2DF >EAF7 >F4DB 	db	226,223,234,247,244,219,231,235
      >011E=>E7EB             
92    >0120=>E3DD >EEF6 >F5DC 	db	227,221,238,246,245,220,233,215
      >0126=>E9D7             
93    >0128=>FBFC >E5F0 >F1D6 	db	251,252,229,240,241,214,230,239
      >012E=>E6EF             
112   >0130                   font0	
113   >0130                       bss	32 * 8
114                               ;32
115   >0230=>0000 >0000 >0000 	db	0,0,0,0,0,0,0,0
      >0236=>0000             
116   >0238=>3030 >3030 >0030 	db	48,48,48,48,0,48,48,0
      >023E=>3000             
117   >0240=>2828 >2800 >0000 	db	40,40,40,0,0,0,0,0
      >0246=>0000             
118   >0248=>2828 >7C28 >7C28 	db	40,40,124,40,124,40,40,0
      >024E=>2800             
119   >0250=>3854 >5038 >1454 	db	56,84,80,56,20,84,56,0
      >0256=>3800             
120   >0258=>6064 >0810 >204C 	db	96,100,8,16,32,76,12,0
      >025E=>0C00             
121   >0260=>2050 >5020 >5448 	db	32,80,80,32,84,72,52,0
      >0266=>3400             
122   >0268=>0408 >1000 >0000 	db	4,8,16,0,0,0,0,0
      >026E=>0000             
123   >0270=>0810 >2020 >2010 	db	8,16,32,32,32,16,8,0
      >0276=>0800             
124   >0278=>2010 >0808 >0810 	db	32,16,8,8,8,16,32,0
      >027E=>2000             
125   >0280=>0028 >106C >1028 	db	0,40,16,108,16,40,0,0
      >0286=>0000             
126   >0288=>0010 >107C >1010 	db	0,16,16,124,16,16,0,0
      >028E=>0000             
127   >0290=>0000 >0030 >3010 	db	0,0,0,48,48,16,32,0
      >0296=>2000             
128   >0298=>0000 >007C >0000 	db	0,0,0,124,0,0,0,0
      >029E=>0000             
129   >02A0=>0000 >0000 >0030 	db	0,0,0,0,0,48,48,0
      >02A6=>3000             
130   >02A8=>0004 >0810 >2040 	db	0,4,8,16,32,64,0,0
      >02AE=>0000             
131   >02B0=>3844 >4444 >4444 	db	56,68,68,68,68,68,56,0
      >02B6=>3800             
132   >02B8=>1030 >1010 >1010 	db	16,48,16,16,16,16,56,0
      >02BE=>3800             
133   >02C0=>3844 >0408 >1020 	db	56,68,4,8,16,32,124,0
      >02C6=>7C00             
134   >02C8=>3844 >0418 >0444 	db	56,68,4,24,4,68,56,0
      >02CE=>3800             
135   >02D0=>0818 >2848 >7C08 	db	8,24,40,72,124,8,8,0
      >02D6=>0800             
136   >02D8=>7C40 >7804 >0444 	db	124,64,120,4,4,68,56,0
      >02DE=>3800             
137   >02E0=>1820 >4078 >4444 	db	24,32,64,120,68,68,56,0
      >02E6=>3800             
138   >02E8=>7C04 >0810 >2020 	db	124,4,8,16,32,32,32,0
      >02EE=>2000             
139   >02F0=>3844 >4438 >4444 	db	56,68,68,56,68,68,56,0
      >02F6=>3800             
140   >02F8=>3844 >443C >0408 	db	56,68,68,60,4,8,48,0
      >02FE=>3000             
141   >0300=>0030 >3000 >3030 	db	0,48,48,0,48,48,0,0
      >0306=>0000             
142   >0308=>0030 >3000 >3010 	db	0,48,48,0,48,16,32,0
      >030E=>2000             
143   >0310=>0810 >2040 >2010 	db	8,16,32,64,32,16,8,0
      >0316=>0800             
144   >0318=>0000 >7C00 >7C00 	db	0,0,124,0,124,0,0,0
      >031E=>0000             
145   >0320=>2010 >0804 >0810 	db	32,16,8,4,8,16,32,0
      >0326=>2000             
146   >0328=>3844 >0408 >1000 	db	56,68,4,8,16,0,16,0
      >032E=>1000             
147                           	; 64
148   >0330=>3844 >5C54 >5C40 	db	56,68,92,84,92,64,56,0
      >0336=>3800             
149   >0338=>3844 >447C >4444 	db	56,68,68,124,68,68,68,0
      >033E=>4400             
150   >0340=>7824 >2438 >2424 	db	120,36,36,56,36,36,120,0
      >0346=>7800             
151   >0348=>3844 >4040 >4044 	db	56,68,64,64,64,68,56,0
      >034E=>3800             
152   >0350=>7824 >2424 >2424 	db	120,36,36,36,36,36,120,0
      >0356=>7800             
153   >0358=>7C40 >4078 >4040 	db	124,64,64,120,64,64,124,0
      >035E=>7C00             
154   >0360=>7C40 >4078 >4040 	db	124,64,64,120,64,64,64,0
      >0366=>4000             
155   >0368=>3C40 >405C >4444 	db	60,64,64,92,68,68,56,0
      >036E=>3800             
156   >0370=>4444 >447C >4444 	db	68,68,68,124,68,68,68,0
      >0376=>4400             
157   >0378=>3810 >1010 >1010 	db	56,16,16,16,16,16,56,0
      >037E=>3800             
158   >0380=>0404 >0404 >0444 	db	4,4,4,4,4,68,56,0
      >0386=>3800             
159   >0388=>4448 >5060 >5048 	db	68,72,80,96,80,72,68,0
      >038E=>4400             
160   >0390=>4040 >4040 >4040 	db	64,64,64,64,64,64,124,0
      >0396=>7C00             
161   >0398=>446C >5454 >4444 	db	68,108,84,84,68,68,68,0
      >039E=>4400             
162   >03A0=>4464 >6454 >4C4C 	db	68,100,100,84,76,76,68,0
      >03A6=>4400             
163   >03A8=>7C44 >4444 >4444 	db	124,68,68,68,68,68,124,0
      >03AE=>7C00             
164   >03B0=>7844 >4478 >4040 	db	120,68,68,120,64,64,64,0
      >03B6=>4000             
165   >03B8=>3844 >4444 >5448 	db	56,68,68,68,84,72,52,0
      >03BE=>3400             
166   >03C0=>7844 >4478 >5048 	db	120,68,68,120,80,72,68,0
      >03C6=>4400             
167   >03C8=>3844 >4038 >0444 	db	56,68,64,56,4,68,56,0
      >03CE=>3800             
168   >03D0=>7C10 >1010 >1010 	db	124,16,16,16,16,16,16,0
      >03D6=>1000             
169   >03D8=>4444 >4444 >4444 	db	68,68,68,68,68,68,56,0
      >03DE=>3800             
170   >03E0=>4444 >4428 >2810 	db	68,68,68,40,40,16,16,0
      >03E6=>1000             
171   >03E8=>4444 >4454 >5454 	db	68,68,68,84,84,84,40,0
      >03EE=>2800             
172   >03F0=>4444 >2810 >2844 	db	68,68,40,16,40,68,68,0
      >03F6=>4400             
173   >03F8=>4444 >2810 >1010 	db	68,68,40,16,16,16,16,0
      >03FE=>1000             
174   >0400=>7C04 >0810 >2040 	db	124,4,8,16,32,64,124,0
      >0406=>7C00             
175   >0408=>3820 >2020 >2020 	db	56,32,32,32,32,32,56,0
      >040E=>3800             
176   >0410=>0040 >2010 >0804 	db	0,64,32,16,8,4,0,0
      >0416=>0000             
177   >0418=>3808 >0808 >0808 	db	56,8,8,8,8,8,56,0
      >041E=>3800             
178   >0420=>0010 >2844 >0000 	db	0,16,40,68,0,0,0,0
      >0426=>0000             
179   >0428=>0000 >0000 >0000 	db	0,0,0,0,0,0,124,0
      >042E=>7C00             
180                               ; 96
181   >0430=>2010 >0800 >0000 	db	32,16,8,0,0,0,0,0
      >0436=>0000             
182   >0438=>0000 >3804 >3C44 	db	0,0,56,4,60,68,60,0
      >043E=>3C00             
183   >0440=>4040 >7844 >4444 	db	64,64,120,68,68,68,120,0
      >0446=>7800             
184   >0448=>0000 >3C40 >4040 	db	0,0,60,64,64,64,60,0
      >044E=>3C00             
185   >0450=>0404 >3C44 >4444 	db	4,4,60,68,68,68,60,0
      >0456=>3C00             
186   >0458=>0000 >3844 >7C40 	db	0,0,56,68,124,64,56,0
      >045E=>3800             
187   >0460=>0C10 >103C >1010 	db	12,16,16,60,16,16,16,0
      >0466=>1000             
188   >0468=>0000 >3C44 >443C 	db	0,0,60,68,68,60,4,56
      >046E=>0438             
189   >0470=>4040 >7844 >4444 	db	64,64,120,68,68,68,68,0
      >0476=>4400             
190   >0478=>1000 >3010 >1010 	db	16,0,48,16,16,16,56,0
      >047E=>3800             
191   >0480=>1000 >3010 >1010 	db	16,0,48,16,16,16,16,96
      >0486=>1060             
192   >0488=>4040 >4850 >6050 	db	64,64,72,80,96,80,72,0
      >048E=>4800             
193   >0490=>3010 >1010 >1010 	db	48,16,16,16,16,16,56,0
      >0496=>3800             
194   >0498=>0000 >6854 >5454 	db	0,0,104,84,84,84,84,0
      >049E=>5400             
195   >04A0=>0000 >7844 >4444 	db	0,0,120,68,68,68,68,0
      >04A6=>4400             
196   >04A8=>0000 >3844 >4444 	db	0,0,56,68,68,68,56,0
      >04AE=>3800             
197   >04B0=>0000 >7844 >4478 	db	0,0,120,68,68,120,64,64
      >04B6=>4040             
198   >04B8=>0000 >3C44 >443C 	db	0,0,60,68,68,60,4,4
      >04BE=>0404             
199   >04C0=>0000 >5C60 >4040 	db	0,0,92,96,64,64,64,0
      >04C6=>4000             
200   >04C8=>0000 >3C40 >3804 	db	0,0,60,64,56,4,120,0
      >04CE=>7800             
201   >04D0=>1010 >7C10 >1010 	db	16,16,124,16,16,16,12,0
      >04D6=>0C00             
202   >04D8=>0000 >4444 >4444 	db	0,0,68,68,68,68,60,0
      >04DE=>3C00             
203   >04E0=>0000 >4444 >2828 	db	0,0,68,68,40,40,16,0
      >04E6=>1000             
204   >04E8=>0000 >4444 >5454 	db	0,0,68,68,84,84,40,0
      >04EE=>2800             
205   >04F0=>0000 >4428 >1028 	db	0,0,68,40,16,40,68,0
      >04F6=>4400             
206   >04F8=>0000 >4444 >443C 	db	0,0,68,68,68,60,4,120
      >04FE=>0478             
207   >0500=>0000 >7C08 >1020 	db	0,0,124,8,16,32,124,0
      >0506=>7C00             
208   >0508=>1820 >2040 >2020 	db	24,32,32,64,32,32,24,0
      >050E=>1800             
209   >0510=>1010 >1000 >1010 	db	16,16,16,0,16,16,16,0
      >0516=>1000             
210   >0518=>3008 >0804 >0808 	db	48,8,8,4,8,8,48,0
      >051E=>3000             
211   >0520=>0020 >5408 >0000 	db	0,32,84,8,0,0,0,0
      >0526=>0000             
212   >0528=>0000 >0000 >0000 	db	0,0,0,0,0,0,0,0
      >052E=>0000             
213                           	; 128
214   >0530                   	bss 96 * 8
215                           	; 224
216                           	; boxes for graphics mode
217                                  ; 0
218   >0830                       bss 8
219                                  ; 1 = horiz left
220   >0838=>0000 >00F8 >F800     db >00,>00,>00,>F8,>F8,>00,>00,>00
      >083E=>0000             
221                                  ; 2 = horiz right
222   >0840=>0000 >001F >1F00     db >00,>00,>00,>1f,>1f,>00,>00,>00
      >0846=>0000             
223                                  ; 3 = horiz
224   >0848=>0000 >00FF >FF00     db >00,>00,>00,>ff,>ff,>00,>00,>00
      >084E=>0000             
225                                  ; 4 = vert top
226   >0850=>1818 >1818 >1800     db >18,>18,>18,>18,>18,>00,>00,>00
      >0856=>0000             
227                                  ; 5 = vert top + horiz left
228   >0858=>1818 >18F8 >F800     db >18,>18,>18,>f8,>f8,>00,>00,>00
      >085E=>0000             
229                                  ; 6 = vert top + horiz right
230   >0860=>1818 >181F >1F00     db >18,>18,>18,>1f,>1f,>00,>00,>00
      >0866=>0000             
231                                  ; 7 = vert top + horiz 
232   >0868=>1818 >18FF >FF00     db >18,>18,>18,>ff,>ff,>00,>00,>00
      >086E=>0000             
233                                  ; 8 = vert bottom
234   >0870=>0000 >0018 >1818     db >00,>00,>00,>18,>18,>18,>18,>18
      >0876=>1818             
235                                  ; 9 = vert bottom + horiz left
236   >0878=>0000 >00F8 >F818     db >00,>00,>00,>f8,>f8,>18,>18,>18
      >087E=>1818             
237                                  ; 10 = vert bottom + horiz right
238   >0880=>0000 >001F >1F18     db >00,>00,>00,>1f,>1f,>18,>18,>18
      >0886=>1818             
239                                  ; 11 = vert bottom + horiz
240   >0888=>0000 >00FF >FF18     db >00,>00,>00,>ff,>ff,>18,>18,>18
      >088E=>1818             
241                                  ; 12 = vert
242   >0890=>1818 >1818 >1818     db >18,>18,>18,>18,>18,>18,>18,>18
      >0896=>1818             
243                                  ; 13 = vert + horiz left
244   >0898=>1818 >18F8 >F818     db >18,>18,>18,>f8,>f8,>18,>18,>18
      >089E=>1818             
245                                  ; 14 = vert + horiz right
246   >08A0=>1818 >181F >1F18     db >18,>18,>18,>1f,>1f,>18,>18,>18
      >08A6=>1818             
247                                  ; 15 = vert + horiz
248   >08A8=>1818 >18FF >FF18     db >18,>18,>18,>ff,>ff,>18,>18,>18
      >08AE=>1818             
249                           	; 240
250                           	   ; boxes for text mode
251                           	   ; 0
252   >08B0                   	bss 8
253                           	   ; 1 = horiz left
254   >08B8=>0000 >00F0 >F000 	db >00,>00,>00,>F0,>F0,>00,>00,>00
      >08BE=>0000             
255                           	   ; 2 = horiz right
256   >08C0=>0000 >003C >3C00 	db >00,>00,>00,>3c,>3c,>00,>00,>00
      >08C6=>0000             
257                           	   ; 3 = horiz
258   >08C8=>0000 >00FF >FF00 	db >00,>00,>00,>ff,>ff,>00,>00,>00
      >08CE=>0000             
259                           	   ; 4 = vert top
260   >08D0=>3030 >3030 >3000 	db >30,>30,>30,>30,>30,>00,>00,>00
      >08D6=>0000             
261                           	   ; 5 = vert top + horiz left
262   >08D8=>3030 >30F0 >F000 	db >30,>30,>30,>f0,>f0,>00,>00,>00
      >08DE=>0000             
263                           	   ; 6 = vert top + horiz right
264   >08E0=>3030 >303C >3C00 	db >30,>30,>30,>3c,>3c,>00,>00,>00
      >08E6=>0000             
265                           	   ; 7 = vert top + horiz 
266   >08E8=>3030 >30FC >FC00 	db >30,>30,>30,>fc,>fc,>00,>00,>00
      >08EE=>0000             
267                           	   ; 8 = vert bottom
268   >08F0=>0000 >0030 >3030 	db >00,>00,>00,>30,>30,>30,>30,>30
      >08F6=>3030             
269                           	   ; 9 = vert bottom + horiz left
270   >08F8=>0000 >00F0 >F030 	db >00,>00,>00,>f0,>f0,>30,>30,>30
      >08FE=>3030             
271                                  ; 10 = vert bottom + horiz right
272   >0900=>0000 >003F >3F30     db >00,>00,>00,>3f,>3f,>30,>30,>30
      >0906=>3030             
273                                  ; 11 = vert bottom + horiz
274   >0908=>0000 >00FC >FC30     db >00,>00,>00,>fc,>fc,>30,>30,>30
      >090E=>3030             
275                                  ; 12 = vert
276   >0910=>3030 >3030 >3030     db >30,>30,>30,>30,>30,>30,>30,>30
      >0916=>3030             
277                                  ; 13 = vert + horiz left
278   >0918=>3030 >30F0 >F030     db >30,>30,>30,>f0,>f0,>30,>30,>30
      >091E=>3030             
279                                  ; 14 = vert + horiz right
280   >0920=>3030 >303C >3C30     db >30,>30,>30,>3c,>3c,>30,>30,>30
      >0926=>3030             
281                                  ; 15 = vert + horiz
282   >0928=>3030 >30FC >FC30     db >30,>30,>30,>fc,>fc,>30,>30,>30
      >092E=>3030             
283                           	
284   >0930                   font5x6
285   >0930                   	bss	32 * 8
286                               ; 32
287   >0A30=>0000 >0000 >0000 	db >0, >0, >0, >0, >0, >0, >0, >0
      >0A36=>0000             
288   >0A38=>4040 >4000 >4000 	db >40, >40, >40, >0, >40, >0, >0, >0
      >0A3E=>0000             
289   >0A40=>A0A0 >0000 >0000 	db >a0, >a0, >0, >0, >0, >0, >0, >0
      >0A46=>0000             
290   >0A48=>50F0 >60F0 >A000 	db >50, >f0, >60, >f0, >a0, >0, >0, >0
      >0A4E=>0000             
291   >0A50=>70A0 >F050 >E000 	db >70, >a0, >f0, >50, >e0, >0, >0, >0
      >0A56=>0000             
292   >0A58=>9020 >4090 >0000 	db >90, >20, >40, >90, >0, >0, >0, >0
      >0A5E=>0000             
293   >0A60=>40A0 >50A0 >5000 	db >40, >a0, >50, >a0, >50, >0, >0, >0
      >0A66=>0000             
294   >0A68=>6020 >4000 >0000 	db >60, >20, >40, >0, >0, >0, >0, >0
      >0A6E=>0000             
295   >0A70=>2040 >4040 >2000 	db >20, >40, >40, >40, >20, >0, >0, >0
      >0A76=>0000             
296   >0A78=>4020 >2020 >4000 	db >40, >20, >20, >20, >40, >0, >0, >0
      >0A7E=>0000             
297   >0A80=>0050 >2050 >0000 	db >0, >50, >20, >50, >0, >0, >0, >0
      >0A86=>0000             
298   >0A88=>0020 >7020 >0000 	db >0, >20, >70, >20, >0, >0, >0, >0
      >0A8E=>0000             
299   >0A90=>0000 >0060 >2040 	db >0, >0, >0, >60, >20, >40, >0, >0
      >0A96=>0000             
300   >0A98=>0000 >F000 >0000 	db >0, >0, >f0, >0, >0, >0, >0, >0
      >0A9E=>0000             
301   >0AA0=>0000 >0060 >6000 	db >0, >0, >0, >60, >60, >0, >0, >0
      >0AA6=>0000             
302   >0AA8=>0010 >2040 >8000 	db >0, >10, >20, >40, >80, >0, >0, >0
      >0AAE=>0000             
303   >0AB0=>6090 >9090 >6000 	db >60, >90, >90, >90, >60, >0, >0, >0
      >0AB6=>0000             
304   >0AB8=>2060 >2020 >2000 	db >20, >60, >20, >20, >20, >0, >0, >0
      >0ABE=>0000             
305   >0AC0=>6090 >2040 >F000 	db >60, >90, >20, >40, >f0, >0, >0, >0
      >0AC6=>0000             
306   >0AC8=>6090 >2090 >6000 	db >60, >90, >20, >90, >60, >0, >0, >0
      >0ACE=>0000             
307   >0AD0=>2060 >A0F0 >2000 	db >20, >60, >a0, >f0, >20, >0, >0, >0
      >0AD6=>0000             
308   >0AD8=>F080 >E010 >E000 	db >f0, >80, >e0, >10, >e0, >0, >0, >0
      >0ADE=>0000             
309   >0AE0=>6080 >E090 >6000 	db >60, >80, >e0, >90, >60, >0, >0, >0
      >0AE6=>0000             
310   >0AE8=>F010 >2040 >8000 	db >f0, >10, >20, >40, >80, >0, >0, >0
      >0AEE=>0000             
311   >0AF0=>6090 >6090 >6000 	db >60, >90, >60, >90, >60, >0, >0, >0
      >0AF6=>0000             
312   >0AF8=>6090 >7010 >6000 	db >60, >90, >70, >10, >60, >0, >0, >0
      >0AFE=>0000             
313   >0B00=>0020 >0020 >0000 	db >0, >20, >0, >20, >0, >0, >0, >0
      >0B06=>0000             
314   >0B08=>0020 >0020 >4000 	db >0, >20, >0, >20, >40, >0, >0, >0
      >0B0E=>0000             
315   >0B10=>1020 >4020 >1000 	db >10, >20, >40, >20, >10, >0, >0, >0
      >0B16=>0000             
316   >0B18=>00F0 >00F0 >0000 	db >0, >f0, >0, >f0, >0, >0, >0, >0
      >0B1E=>0000             
317   >0B20=>8040 >2040 >8000 	db >80, >40, >20, >40, >80, >0, >0, >0
      >0B26=>0000             
318   >0B28=>6010 >2000 >2000 	db >60, >10, >20, >0, >20, >0, >0, >0
      >0B2E=>0000             
319                           	; 64
320   >0B30=>6090 >B080 >6000 	db >60, >90, >b0, >80, >60, >0, >0, >0
      >0B36=>0000             
321   >0B38=>6090 >F090 >9000 	db >60, >90, >f0, >90, >90, >0, >0, >0
      >0B3E=>0000             
322   >0B40=>E090 >E090 >E000 	db >e0, >90, >e0, >90, >e0, >0, >0, >0
      >0B46=>0000             
323   >0B48=>6090 >8090 >6000 	db >60, >90, >80, >90, >60, >0, >0, >0
      >0B4E=>0000             
324   >0B50=>E090 >9090 >E000 	db >e0, >90, >90, >90, >e0, >0, >0, >0
      >0B56=>0000             
325   >0B58=>F080 >E080 >F000 	db >f0, >80, >e0, >80, >f0, >0, >0, >0
      >0B5E=>0000             
326   >0B60=>F080 >E080 >8000 	db >f0, >80, >e0, >80, >80, >0, >0, >0
      >0B66=>0000             
327   >0B68=>7080 >B090 >6000 	db >70, >80, >b0, >90, >60, >0, >0, >0
      >0B6E=>0000             
328   >0B70=>9090 >F090 >9000 	db >90, >90, >f0, >90, >90, >0, >0, >0
      >0B76=>0000             
329   >0B78=>7020 >2020 >7000 	db >70, >20, >20, >20, >70, >0, >0, >0
      >0B7E=>0000             
330   >0B80=>1010 >1090 >6000 	db >10, >10, >10, >90, >60, >0, >0, >0
      >0B86=>0000             
331   >0B88=>90A0 >C0A0 >9000 	db >90, >a0, >c0, >a0, >90, >0, >0, >0
      >0B8E=>0000             
332   >0B90=>8080 >8080 >F000 	db >80, >80, >80, >80, >f0, >0, >0, >0
      >0B96=>0000             
333   >0B98=>90F0 >B090 >9000 	db >90, >f0, >b0, >90, >90, >0, >0, >0
      >0B9E=>0000             
334   >0BA0=>90D0 >B090 >9000 	db >90, >d0, >b0, >90, >90, >0, >0, >0
      >0BA6=>0000             
335   >0BA8=>6090 >9090 >6000 	db >60, >90, >90, >90, >60, >0, >0, >0
      >0BAE=>0000             
336   >0BB0=>E090 >E080 >8000 	db >e0, >90, >e0, >80, >80, >0, >0, >0
      >0BB6=>0000             
337   >0BB8=>6090 >90B0 >6000 	db >60, >90, >90, >b0, >60, >0, >0, >0
      >0BBE=>0000             
338   >0BC0=>E090 >E090 >9000 	db >e0, >90, >e0, >90, >90, >0, >0, >0
      >0BC6=>0000             
339   >0BC8=>7080 >6010 >E000 	db >70, >80, >60, >10, >e0, >0, >0, >0
      >0BCE=>0000             
340   >0BD0=>E040 >4040 >4000 	db >e0, >40, >40, >40, >40, >0, >0, >0
      >0BD6=>0000             
341   >0BD8=>9090 >9090 >6000 	db >90, >90, >90, >90, >60, >0, >0, >0
      >0BDE=>0000             
342   >0BE0=>9090 >90A0 >4000 	db >90, >90, >90, >a0, >40, >0, >0, >0
      >0BE6=>0000             
343   >0BE8=>9090 >B0F0 >9000 	db >90, >90, >b0, >f0, >90, >0, >0, >0
      >0BEE=>0000             
344   >0BF0=>9090 >6090 >9000 	db >90, >90, >60, >90, >90, >0, >0, >0
      >0BF6=>0000             
345   >0BF8=>9090 >7010 >6000 	db >90, >90, >70, >10, >60, >0, >0, >0
      >0BFE=>0000             
346   >0C00=>F010 >6080 >F000 	db >f0, >10, >60, >80, >f0, >0, >0, >0
      >0C06=>0000             
347   >0C08=>7040 >4040 >7000 	db >70, >40, >40, >40, >70, >0, >0, >0
      >0C0E=>0000             
348   >0C10=>0080 >4020 >1000 	db >0, >80, >40, >20, >10, >0, >0, >0
      >0C16=>0000             
349   >0C18=>7010 >1010 >7000 	db >70, >10, >10, >10, >70, >0, >0, >0
      >0C1E=>0000             
350   >0C20=>2050 >0000 >0000 	db >20, >50, >0, >0, >0, >0, >0, >0
      >0C26=>0000             
351   >0C28=>0000 >0000 >F000 	db >0, >0, >0, >0, >f0, >0, >0, >0
      >0C2E=>0000             
352                           	; 96
353   >0C30=>C080 >4000 >0000 	db >c0, >80, >40, >0, >0, >0, >0, >0
      >0C36=>0000             
354   >0C38=>0070 >90B0 >5000 	db >0, >70, >90, >b0, >50, >0, >0, >0
      >0C3E=>0000             
355   >0C40=>80E0 >9090 >E000 	db >80, >e0, >90, >90, >e0, >0, >0, >0
      >0C46=>0000             
356   >0C48=>0070 >8080 >7000 	db >0, >70, >80, >80, >70, >0, >0, >0
      >0C4E=>0000             
357   >0C50=>1070 >9090 >7000 	db >10, >70, >90, >90, >70, >0, >0, >0
      >0C56=>0000             
358   >0C58=>0060 >F080 >6000 	db >0, >60, >f0, >80, >60, >0, >0, >0
      >0C5E=>0000             
359   >0C60=>3040 >E040 >4000 	db >30, >40, >e0, >40, >40, >0, >0, >0
      >0C66=>0000             
360   >0C68=>0070 >9070 >1020 	db >0, >70, >90, >70, >10, >20, >0, >0
      >0C6E=>0000             
361   >0C70=>80E0 >9090 >9000 	db >80, >e0, >90, >90, >90, >0, >0, >0
      >0C76=>0000             
362   >0C78=>2000 >6020 >2000 	db >20, >0, >60, >20, >20, >0, >0, >0
      >0C7E=>0000             
363   >0C80=>2000 >2020 >20C0 	db >20, >0, >20, >20, >20, >c0, >0, >0
      >0C86=>0000             
364   >0C88=>8090 >E090 >9000 	db >80, >90, >e0, >90, >90, >0, >0, >0
      >0C8E=>0000             
365   >0C90=>6020 >2020 >2000 	db >60, >20, >20, >20, >20, >0, >0, >0
      >0C96=>0000             
366   >0C98=>0060 >B0B0 >9000 	db >0, >60, >b0, >b0, >90, >0, >0, >0
      >0C9E=>0000             
367   >0CA0=>00E0 >9090 >9000 	db >0, >e0, >90, >90, >90, >0, >0, >0
      >0CA6=>0000             
368   >0CA8=>0060 >9090 >6000 	db >0, >60, >90, >90, >60, >0, >0, >0
      >0CAE=>0000             
369   >0CB0=>00E0 >90E0 >8080 	db >0, >e0, >90, >e0, >80, >80, >0, >0
      >0CB6=>0000             
370   >0CB8=>0070 >9070 >1010 	db >0, >70, >90, >70, >10, >10, >0, >0
      >0CBE=>0000             
371   >0CC0=>00E0 >9080 >8000 	db >0, >e0, >90, >80, >80, >0, >0, >0
      >0CC6=>0000             
372   >0CC8=>0030 >4020 >C000 	db >0, >30, >40, >20, >c0, >0, >0, >0
      >0CCE=>0000             
373   >0CD0=>40E0 >4050 >2000 	db >40, >e0, >40, >50, >20, >0, >0, >0
      >0CD6=>0000             
374   >0CD8=>0090 >9090 >7000 	db >0, >90, >90, >90, >70, >0, >0, >0
      >0CDE=>0000             
375   >0CE0=>0090 >90A0 >4000 	db >0, >90, >90, >a0, >40, >0, >0, >0
      >0CE6=>0000             
376   >0CE8=>0090 >B0B0 >6000 	db >0, >90, >b0, >b0, >60, >0, >0, >0
      >0CEE=>0000             
377   >0CF0=>0090 >6090 >9000 	db >0, >90, >60, >90, >90, >0, >0, >0
      >0CF6=>0000             
378   >0CF8=>0090 >9060 >2040 	db >0, >90, >90, >60, >20, >40, >0, >0
      >0CFE=>0000             
379   >0D00=>00F0 >2040 >F000 	db >0, >f0, >20, >40, >f0, >0, >0, >0
      >0D06=>0000             
380   >0D08=>3040 >C040 >3000 	db >30, >40, >c0, >40, >30, >0, >0, >0
      >0D0E=>0000             
381   >0D10=>2020 >0020 >2000 	db >20, >20, >0, >20, >20, >0, >0, >0
      >0D16=>0000             
382   >0D18=>C020 >3020 >C000 	db >c0, >20, >30, >20, >c0, >0, >0, >0
      >0D1E=>0000             
383   >0D20=>40A8 >1000 >0000 	db >40, >a8, >10, >0, >0, >0, >0, >0
      >0D26=>0000             
384   >0D28=>0000 >0000 >0000 	db >0, >0, >0, >0, >0, >0, >0, >0
      >0D2E=>0000             
387   >0D30                   remain	equ	$ - start
389   >0D30                   	bss	24576 - remain
