VIDEOUPDATESPEED = 50936
VIDEOUPDATEMAXDELAY = 1212
DELAYBETWEENINSTRUCTIONS = 16410
ROMSPATH = 26730
MODULESPATH = 23926
DSK1PATH = 43135
DSK2PATH = 51327
DSK3PATH = 59519
DSK4PATH = 2175
DSK5PATH = 10367
DISKIMAGE1 = 4090
DISKIMAGE2 = 3706
DISKIMAGE3 = 3834
DISKIMAGEPATH = 8506
SHOWDISKLED = 36329
SHOWRS232LED = 15273
SHOWEMUDISKLED = 47577
SETKEYBOARDLED = 39066
DIGITIZEDSPEECHFILESPATH = 5320
TIMERSPEED = 30061
JOYSTICKPOLLDELAY = 22772
MOUSEEMULATIONTYPE = 45506
ROMKEYBOARDDELAY = 55406
JOY1_A = 6266
JOY1_B = 122
JOY1_C = 2170
JOY1_D = 12410
JOY2_A = 30842
JOY2_B = 24698
JOY2_C = 26746
JOY2_D = 20602
SOUNDBLASTERIRQ = 34603
SOUNDBLASTERDMA = 34627
PLAYSOUND = 42091
SILENCE = 52331
NOISEFILESPATH = 3030
CPUROMFILENAME = 25003
GPLROMFILENAME = 8617
SPEECHROMFILENAME = 13406
MOUSEPOLLDELAY = 42090
CHECK5SPRITES = 47722
KEYBOARDDELAY = 49216
PREVENTULTRAREPEAT = 9836
NOISESYNC = 54134
USEVGA = 30817
MODULES = 33910
NOISETOP = 52342
DISKDSRFILENAME = 19606
EMUDISKDSRFILENAME = 2532
SHAREDDISKDSRFILENAME = 10585
RS232DSRFILENAME = 62983
EMURS232DSRFILENAME = 16054
JOYSTICK1BOUNDS = 15515
JOYSTICK2BOUNDS = 16283
DEFAULTMODULE = 45033
VIDEO16 = 32878
CHECKSPRITECOINC = 37215

RECORDEDDEMOSPATH = 17947
ROM = 49254
MMRAM = 61555
ROM1 = 57440
ROM2 = 32864
GROM = 24692
BANKED = 4222

ADLIB = 125
PCSPEAKER = 60520
SBDMA = 45166
SBLASTER = 111

COMPILEDROM = 51898
COMPILEDROMSPATH = 50706

SPEECHEXCITATION = 18541
SPEECHPITCHES = 10357

USELPCSPEECH = 51746

PREVENTMULTIPLEINTERRUPTS = 12506
INTERRUPTTRACING = 33051

PCSPEAKERSILENCELEVEL = 47609

MAXIMUMINTERRUPTSPEED = 42867

RS232/1 = 64627
RS232/2 = 61555

PIO/1 = 45153
PIO/2 = 32865

ROMPATCHES = 33003

MEMORYMOVE = 5875
MM = 32875
SPRITEMOTION = 2272
SM = 32885
DIRECTKEYBOARD = 62107
DK = 32865
SHIFTREBOOT = 48619
SR = 122
FASTINTERRUPT = 39807
FI = 32866
SLOWDOWNKEYBOARD = 43219
SK = 32886

LOGGING = 23669

STARTUPDEBUGGING = 24139
DSRCOMBO = 28278
DEFAULTMODULEEXTENSION = 52336



EMUDISK = 25721
REALDISK = 37486
BOTHDISK = 21118
EMURS232 = 34936
REALRS232 = 25710


